<?xml version="1.0" encoding="UTF-8"?>
<testsuite xmlns:xsi="http://www.w3.org/2001/XMLSchema-instance" xsi:noNamespaceSchemaLocation="https://maven.apache.org/surefire/maven-surefire-plugin/xsd/surefire-test-report.xsd" version="3.0.2" name="com.billing.service.BillingServiceTest" time="0.18" tests="5" errors="0" skipped="0" failures="0">
  <properties>
[...]
</properties>
  <testcase name="multiResourceFlatLineItemsSumToServiceSubtotal" classname="com.billing.service.BillingServiceTest" time="0.005">
    <system-out><![CDATA[2026-07-16T22:21:22.229+05:30  INFO 6147 --- [usage-billing-service] [           main] t.c.s.AnnotationConfigContextLoaderUtils : Could not detect default configuration classes for test class [com.billing.service.BillingServiceTest]: BillingServiceTest does not declare any static, non-private, non-final, nested classes annotated with @Configuration.
2026-07-16T22:21:22.237+05:30  INFO 6147 --- [usage-billing-service] [           main] .b.t.c.SpringBootTestContextBootstrapper : Found @SpringBootConfiguration com.billing.UsageBillingApplication for test class com.billing.service.BillingServiceTest

  .   ____          _            __ _ _
 /\\ / ___'_ __ _ _(_)_ __  __ _ \ \ \ \
( ( )\___ | '_ | '_| | '_ \/ _` | \ \ \ \
 \\/  ___)| |_)| | | | | || (_| |  ) ) ) )
  '  |____| .__|_| |_|_| |_\__, | / / / /
 =========|_|==============|___/=/_/_/_/

 :: Spring Boot ::                (v3.5.4)

2026-07-16T22:21:22.248+05:30  INFO 6147 --- [usage-billing-service] [           main] com.billing.service.BillingServiceTest   : Starting BillingServiceTest using Java 17.0.18 with PID 6147 (started by inno in /Users/inno/ownpro/usage-billing-service)
2026-07-16T22:21:22.248+05:30 DEBUG 6147 --- [usage-billing-service] [           main] com.billing.service.BillingServiceTest   : Running with Spring Boot v3.5.4, Spring v6.2.9
2026-07-16T22:21:22.248+05:30  INFO 6147 --- [usage-billing-service] [           main] com.billing.service.BillingServiceTest   : No active profile set, falling back to 1 default profile: "default"
2026-07-16T22:21:22.336+05:30 DEBUG 6147 --- [usage-billing-service] [           main] c.b.p.c.PricingConfigurationRegistry     : Loading pricing configuration for service=STORAGE
2026-07-16T22:21:22.336+05:30 DEBUG 6147 --- [usage-billing-service] [           main] c.b.p.c.PricingConfigurationRegistry     : Loading pricing configuration for service=COMPUTE
2026-07-16T22:21:22.336+05:30 DEBUG 6147 --- [usage-billing-service] [           main] c.b.p.c.PricingConfigurationRegistry     : Loading pricing configuration for service=API
2026-07-16T22:21:22.336+05:30  INFO 6147 --- [usage-billing-service] [           main] c.b.p.c.PricingConfigurationRegistry     : Loaded pricing configuration for 3 services
2026-07-16T22:21:22.391+05:30  INFO 6147 --- [usage-billing-service] [           main] com.billing.service.BillingServiceTest   : Started BillingServiceTest in 0.152 seconds (process running for 1.835)
2026-07-16T22:21:22.393+05:30 DEBUG 6147 --- [usage-billing-service] [           main] com.billing.storage.UsageStore           : Clearing all usage events from store
2026-07-16T22:21:22.393+05:30 DEBUG 6147 --- [usage-billing-service] [           main] com.billing.service.BillingService       : Recording usage for user=user-1, resource=disk-1, service=STORAGE
2026-07-16T22:21:22.393+05:30 DEBUG 6147 --- [usage-billing-service] [           main] com.billing.storage.UsageStore           : Saving usage event for user=user-1, resource=disk-1, service=STORAGE, quantity=60.0000000000
2026-07-16T22:21:22.393+05:30 DEBUG 6147 --- [usage-billing-service] [           main] com.billing.service.BillingService       : Recording usage for user=user-1, resource=disk-2, service=STORAGE
2026-07-16T22:21:22.393+05:30 DEBUG 6147 --- [usage-billing-service] [           main] com.billing.storage.UsageStore           : Saving usage event for user=user-1, resource=disk-2, service=STORAGE, quantity=40.0000000000
2026-07-16T22:21:22.393+05:30 DEBUG 6147 --- [usage-billing-service] [           main] com.billing.service.BillingService       : Generating invoice for user=user-1 period=[1767225600000, 1769904000000)
2026-07-16T22:21:22.393+05:30 DEBUG 6147 --- [usage-billing-service] [           main] com.billing.storage.UsageStore           : Found 2 usage events for user=user-1 in period [1767225600000, 1769904000000)
2026-07-16T22:21:22.393+05:30 DEBUG 6147 --- [usage-billing-service] [           main] com.billing.pricing.InvoiceAssembler     : Assembling invoice for user=user-1 from 2 usage events
2026-07-16T22:21:22.393+05:30 DEBUG 6147 --- [usage-billing-service] [           main] com.billing.pricing.InvoiceAssembler     : Calculated charge for user=user-1, service=STORAGE, quantity=100.0000000000, amount=USD 2.00
2026-07-16T22:21:22.393+05:30 DEBUG 6147 --- [usage-billing-service] [           main] com.billing.pricing.InvoiceAssembler     : Invoice assembled for user=user-1 with total=USD 2.00
2026-07-16T22:21:22.393+05:30 DEBUG 6147 --- [usage-billing-service] [           main] com.billing.service.BillingService       : Generated invoice for user=user-1 total=USD 2.00
]]></system-out>
  </testcase>
  <testcase name="outOfOrderEventsProduceCorrectTotals" classname="com.billing.service.BillingServiceTest" time="0.003">
    <system-out><![CDATA[2026-07-16T22:21:22.398+05:30 DEBUG 6147 --- [usage-billing-service] [           main] com.billing.storage.UsageStore           : Clearing all usage events from store
2026-07-16T22:21:22.398+05:30 DEBUG 6147 --- [usage-billing-service] [           main] com.billing.service.BillingService       : Recording usage for user=user-1, resource=disk-1, service=STORAGE
2026-07-16T22:21:22.398+05:30 DEBUG 6147 --- [usage-billing-service] [           main] com.billing.storage.UsageStore           : Saving usage event for user=user-1, resource=disk-1, service=STORAGE, quantity=100.0000000000
2026-07-16T22:21:22.398+05:30 DEBUG 6147 --- [usage-billing-service] [           main] com.billing.service.BillingService       : Recording usage for user=user-1, resource=cpu-1, service=COMPUTE
2026-07-16T22:21:22.398+05:30 DEBUG 6147 --- [usage-billing-service] [           main] com.billing.storage.UsageStore           : Saving usage event for user=user-1, resource=cpu-1, service=COMPUTE, quantity=150.0000000000
2026-07-16T22:21:22.398+05:30 DEBUG 6147 --- [usage-billing-service] [           main] com.billing.service.BillingService       : Recording usage for user=user-1, resource=api-1, service=API
2026-07-16T22:21:22.398+05:30 DEBUG 6147 --- [usage-billing-service] [           main] com.billing.storage.UsageStore           : Saving usage event for user=user-1, resource=api-1, service=API, quantity=1400000.0000000000
2026-07-16T22:21:22.398+05:30 DEBUG 6147 --- [usage-billing-service] [           main] com.billing.service.BillingService       : Generating invoice for user=user-1 period=[1767225600000, 1769904000000)
2026-07-16T22:21:22.398+05:30 DEBUG 6147 --- [usage-billing-service] [           main] com.billing.storage.UsageStore           : Found 3 usage events for user=user-1 in period [1767225600000, 1769904000000)
2026-07-16T22:21:22.398+05:30 DEBUG 6147 --- [usage-billing-service] [           main] com.billing.pricing.InvoiceAssembler     : Assembling invoice for user=user-1 from 3 usage events
2026-07-16T22:21:22.398+05:30 DEBUG 6147 --- [usage-billing-service] [           main] com.billing.pricing.InvoiceAssembler     : Calculated charge for user=user-1, service=STORAGE, quantity=100.0000000000, amount=USD 2.00
2026-07-16T22:21:22.398+05:30 DEBUG 6147 --- [usage-billing-service] [           main] com.billing.pricing.InvoiceAssembler     : Calculated charge for user=user-1, service=COMPUTE, quantity=150.0000000000, amount=USD 14.00
2026-07-16T22:21:22.399+05:30 DEBUG 6147 --- [usage-billing-service] [           main] com.billing.pricing.InvoiceAssembler     : Calculated charge for user=user-1, service=API, quantity=1400000.0000000000, amount=USD 450.00
2026-07-16T22:21:22.399+05:30 DEBUG 6147 --- [usage-billing-service] [           main] com.billing.pricing.InvoiceAssembler     : Invoice assembled for user=user-1 with total=USD 466.00
2026-07-16T22:21:22.399+05:30 DEBUG 6147 --- [usage-billing-service] [           main] com.billing.service.BillingService       : Generated invoice for user=user-1 total=USD 466.00
]]></system-out>
  </testcase>
  <testcase name="billingPeriodIsStartInclusiveAndEndExclusive" classname="com.billing.service.BillingServiceTest" time="0.001">
    <system-out><![CDATA[2026-07-16T22:21:22.401+05:30 DEBUG 6147 --- [usage-billing-service] [           main] com.billing.storage.UsageStore           : Clearing all usage events from store
2026-07-16T22:21:22.401+05:30 DEBUG 6147 --- [usage-billing-service] [           main] com.billing.service.BillingService       : Recording usage for user=user-1, resource=disk-1, service=STORAGE
2026-07-16T22:21:22.401+05:30 DEBUG 6147 --- [usage-billing-service] [           main] com.billing.storage.UsageStore           : Saving usage event for user=user-1, resource=disk-1, service=STORAGE, quantity=10.0000000000
2026-07-16T22:21:22.401+05:30 DEBUG 6147 --- [usage-billing-service] [           main] com.billing.service.BillingService       : Recording usage for user=user-1, resource=disk-2, service=STORAGE
2026-07-16T22:21:22.401+05:30 DEBUG 6147 --- [usage-billing-service] [           main] com.billing.storage.UsageStore           : Saving usage event for user=user-1, resource=disk-2, service=STORAGE, quantity=10.0000000000
2026-07-16T22:21:22.402+05:30 DEBUG 6147 --- [usage-billing-service] [           main] com.billing.service.BillingService       : Generating invoice for user=user-1 period=[1767225600000, 1769904000000)
2026-07-16T22:21:22.402+05:30 DEBUG 6147 --- [usage-billing-service] [           main] com.billing.storage.UsageStore           : Found 1 usage events for user=user-1 in period [1767225600000, 1769904000000)
2026-07-16T22:21:22.402+05:30 DEBUG 6147 --- [usage-billing-service] [           main] com.billing.pricing.InvoiceAssembler     : Assembling invoice for user=user-1 from 1 usage events
2026-07-16T22:21:22.402+05:30 DEBUG 6147 --- [usage-billing-service] [           main] com.billing.pricing.InvoiceAssembler     : Calculated charge for user=user-1, service=STORAGE, quantity=10.0000000000, amount=USD 0.20
2026-07-16T22:21:22.402+05:30 DEBUG 6147 --- [usage-billing-service] [           main] com.billing.pricing.InvoiceAssembler     : Invoice assembled for user=user-1 with total=USD 0.20
2026-07-16T22:21:22.402+05:30 DEBUG 6147 --- [usage-billing-service] [           main] com.billing.service.BillingService       : Generated invoice for user=user-1 total=USD 0.20
]]></system-out>
  </testcase>
  <testcase name="generatesInvoiceForMultipleServicesAndPricingModels" classname="com.billing.service.BillingServiceTest" time="0.002">
    <system-out><![CDATA[2026-07-16T22:21:22.403+05:30 DEBUG 6147 --- [usage-billing-service] [           main] com.billing.storage.UsageStore           : Clearing all usage events from store
2026-07-16T22:21:22.404+05:30 DEBUG 6147 --- [usage-billing-service] [           main] com.billing.service.BillingService       : Recording usage for user=user-1, resource=disk-1, service=STORAGE
2026-07-16T22:21:22.404+05:30 DEBUG 6147 --- [usage-billing-service] [           main] com.billing.storage.UsageStore           : Saving usage event for user=user-1, resource=disk-1, service=STORAGE, quantity=100.0000000000
2026-07-16T22:21:22.404+05:30 DEBUG 6147 --- [usage-billing-service] [           main] com.billing.service.BillingService       : Recording usage for user=user-1, resource=cpu-1, service=COMPUTE
2026-07-16T22:21:22.404+05:30 DEBUG 6147 --- [usage-billing-service] [           main] com.billing.storage.UsageStore           : Saving usage event for user=user-1, resource=cpu-1, service=COMPUTE, quantity=150.0000000000
2026-07-16T22:21:22.404+05:30 DEBUG 6147 --- [usage-billing-service] [           main] com.billing.service.BillingService       : Recording usage for user=user-1, resource=api-1, service=API
2026-07-16T22:21:22.404+05:30 DEBUG 6147 --- [usage-billing-service] [           main] com.billing.storage.UsageStore           : Saving usage event for user=user-1, resource=api-1, service=API, quantity=1400000.0000000000
2026-07-16T22:21:22.404+05:30 DEBUG 6147 --- [usage-billing-service] [           main] com.billing.service.BillingService       : Recording usage for user=user-2, resource=disk-2, service=STORAGE
2026-07-16T22:21:22.404+05:30 DEBUG 6147 --- [usage-billing-service] [           main] com.billing.storage.UsageStore           : Saving usage event for user=user-2, resource=disk-2, service=STORAGE, quantity=50.0000000000
2026-07-16T22:21:22.404+05:30 DEBUG 6147 --- [usage-billing-service] [           main] com.billing.service.BillingService       : Generating invoice for user=user-1 period=[1767225600000, 1769904000000)
2026-07-16T22:21:22.404+05:30 DEBUG 6147 --- [usage-billing-service] [           main] com.billing.storage.UsageStore           : Found 3 usage events for user=user-1 in period [1767225600000, 1769904000000)
2026-07-16T22:21:22.404+05:30 DEBUG 6147 --- [usage-billing-service] [           main] com.billing.pricing.InvoiceAssembler     : Assembling invoice for user=user-1 from 3 usage events
2026-07-16T22:21:22.404+05:30 DEBUG 6147 --- [usage-billing-service] [           main] com.billing.pricing.InvoiceAssembler     : Calculated charge for user=user-1, service=STORAGE, quantity=100.0000000000, amount=USD 2.00
2026-07-16T22:21:22.404+05:30 DEBUG 6147 --- [usage-billing-service] [           main] com.billing.pricing.InvoiceAssembler     : Calculated charge for user=user-1, service=COMPUTE, quantity=150.0000000000, amount=USD 14.00
2026-07-16T22:21:22.404+05:30 DEBUG 6147 --- [usage-billing-service] [           main] com.billing.pricing.InvoiceAssembler     : Calculated charge for user=user-1, service=API, quantity=1400000.0000000000, amount=USD 450.00
2026-07-16T22:21:22.404+05:30 DEBUG 6147 --- [usage-billing-service] [           main] com.billing.pricing.InvoiceAssembler     : Invoice assembled for user=user-1 with total=USD 466.00
2026-07-16T22:21:22.404+05:30 DEBUG 6147 --- [usage-billing-service] [           main] com.billing.service.BillingService       : Generated invoice for user=user-1 total=USD 466.00
]]></system-out>
  </testcase>
  <testcase name="rejectsMismatchedUnitTypeForService" classname="com.billing.service.BillingServiceTest" time="0.001">
    <system-out><![CDATA[2026-07-16T22:21:22.406+05:30 DEBUG 6147 --- [usage-billing-service] [           main] com.billing.storage.UsageStore           : Clearing all usage events from store
]]></system-out>
  </testcase>
</testsuite>